build/intermediates/manifest_merge_blame_file/release/manifest-merger-blame-release-report.txt
1<?xml version="1.0" encoding="utf-8"?>
2<manifest xmlns:android="http://schemas.android.com/apk/res/android"
3    package="com.kakao.talk.theme.SkyCloud00"
4    android:versionCode="102"
5    android:versionName="1.0.2" >
6
7    <uses-sdk
8        android:minSdkVersion="24"
8-->src\main\AndroidManifest.xml
9        android:targetSdkVersion="34" />
9-->src\main\AndroidManifest.xml
10
11    <uses-permission android:name="com.kakao.talk.v2.theme" />
11-->src\main\AndroidManifest.xml:6:5-63
11-->src\main\AndroidManifest.xml:6:22-60
12
13    <queries>
13-->src\main\AndroidManifest.xml:8:5-10:15
14        <package android:name="com.kakao.talk" />
14-->src\main\AndroidManifest.xml:9:9-50
14-->src\main\AndroidManifest.xml:9:18-47
15    </queries>
16
17    <application
17-->src\main\AndroidManifest.xml:12:5-39:19
18        android:allowBackup="true"
18-->src\main\AndroidManifest.xml:13:9-35
19        android:extractNativeLibs="false"
20        android:icon="@mipmap/ic_launcher"
20-->src\main\AndroidManifest.xml:14:9-43
21        android:label="@string/app_name" >
21-->src\main\AndroidManifest.xml:15:9-41
22        <meta-data
22-->src\main\AndroidManifest.xml:18:9-20:35
23            android:name="android.max_aspect"
23-->src\main\AndroidManifest.xml:19:13-46
24            android:value="2.1" />
24-->src\main\AndroidManifest.xml:20:13-32
25
26        <activity
26-->src\main\AndroidManifest.xml:22:9-37:20
27            android:name="com.kakao.talk.theme.apeach.MainActivity"
27-->src\main\AndroidManifest.xml:23:13-41
28            android:excludeFromRecents="true"
28-->src\main\AndroidManifest.xml:24:13-46
29            android:exported="true"
29-->src\main\AndroidManifest.xml:25:13-36
30            android:launchMode="singleTop"
30-->src\main\AndroidManifest.xml:26:13-43
31            android:theme="@style/SplashTheme" >
31-->src\main\AndroidManifest.xml:27:13-47
32            <intent-filter>
32-->src\main\AndroidManifest.xml:29:13-32:29
33                <action android:name="android.intent.action.MAIN" />
33-->src\main\AndroidManifest.xml:30:17-69
33-->src\main\AndroidManifest.xml:30:25-66
34
35                <category android:name="android.intent.category.LAUNCHER" />
35-->src\main\AndroidManifest.xml:31:17-77
35-->src\main\AndroidManifest.xml:31:27-74
36            </intent-filter>
37            <intent-filter>
37-->src\main\AndroidManifest.xml:33:13-35:29
38                <action android:name="com.kakao.talk.theme.action.MAIN" />
38-->src\main\AndroidManifest.xml:34:17-75
38-->src\main\AndroidManifest.xml:34:25-72
39            </intent-filter>
40        </activity>
41    </application>
42
43</manifest>